2017-02-01 23:23:58 DEBUG logging:19 - Logging Provider: org.jboss.logging.Log4jLoggerProvider
2017-02-01 23:23:58 INFO  Version:30 - HV000001: Hibernate Validator 5.2.4.Final
2017-02-01 23:23:58 DEBUG DefaultTraversableResolver:70 - Cannot find javax.persistence.Persistence on classpath. Assuming non JPA 2 environment. All properties will per default be traversable.
2017-02-01 23:27:20 DEBUG logging:19 - Logging Provider: org.jboss.logging.Log4jLoggerProvider
2017-02-01 23:27:20 INFO  Version:30 - HV000001: Hibernate Validator 5.2.4.Final
2017-02-01 23:27:20 DEBUG DefaultTraversableResolver:70 - Cannot find javax.persistence.Persistence on classpath. Assuming non JPA 2 environment. All properties will per default be traversable.
2017-02-01 23:27:22 DEBUG DefaultTraversableResolver:70 - Cannot find javax.persistence.Persistence on classpath. Assuming non JPA 2 environment. All properties will per default be traversable.
2017-02-01 23:27:22 DEBUG ConfigurationImpl:156 - Setting custom MessageInterpolator of type org.springframework.validation.beanvalidation.LocaleContextMessageInterpolator
2017-02-01 23:27:22 DEBUG ConfigurationImpl:178 - Setting custom ConstraintValidatorFactory of type org.springframework.validation.beanvalidation.SpringConstraintValidatorFactory
2017-02-01 23:27:22 DEBUG ConfigurationImpl:192 - Setting custom ParameterNameProvider of type com.sun.proxy.$Proxy44
2017-02-01 23:27:22 DEBUG ValidationXmlParser:91 - Trying to load META-INF/validation.xml for XML based Validator configuration.
2017-02-01 23:27:22 DEBUG ResourceLoaderHelper:47 - Trying to load META-INF/validation.xml via user class loader
2017-02-01 23:27:22 DEBUG ResourceLoaderHelper:54 - Trying to load META-INF/validation.xml via TCCL
2017-02-01 23:27:22 DEBUG ResourceLoaderHelper:60 - Trying to load META-INF/validation.xml via Hibernate Validator's class loader
2017-02-01 23:27:22 DEBUG ValidationXmlParser:98 - No META-INF/validation.xml found. Using annotation based configuration only.
2017-02-01 23:27:24 DEBUG DefaultTraversableResolver:70 - Cannot find javax.persistence.Persistence on classpath. Assuming non JPA 2 environment. All properties will per default be traversable.
2017-02-01 23:27:24 DEBUG ConfigurationImpl:156 - Setting custom MessageInterpolator of type org.springframework.validation.beanvalidation.LocaleContextMessageInterpolator
2017-02-01 23:27:24 DEBUG ConfigurationImpl:178 - Setting custom ConstraintValidatorFactory of type org.springframework.validation.beanvalidation.SpringConstraintValidatorFactory
2017-02-01 23:27:24 DEBUG ConfigurationImpl:192 - Setting custom ParameterNameProvider of type com.sun.proxy.$Proxy44
2017-02-01 23:27:24 DEBUG ValidationXmlParser:91 - Trying to load META-INF/validation.xml for XML based Validator configuration.
2017-02-01 23:27:24 DEBUG ResourceLoaderHelper:47 - Trying to load META-INF/validation.xml via user class loader
2017-02-01 23:27:24 DEBUG ResourceLoaderHelper:54 - Trying to load META-INF/validation.xml via TCCL
2017-02-01 23:27:24 DEBUG ResourceLoaderHelper:60 - Trying to load META-INF/validation.xml via Hibernate Validator's class loader
2017-02-01 23:27:24 DEBUG ValidationXmlParser:98 - No META-INF/validation.xml found. Using annotation based configuration only.
2017-02-01 23:27:36 INFO  InitController:30 - get /init request
2017-02-01 23:27:36 INFO  InitController:31 - http://localhost:9101/init
2017-02-01 23:27:37 ERROR InitController:38 - org.springframework.web.client.ResourceAccessException: I/O error on GET request for "http://localhost:9101/init": Connection refused: connect; nested exception is java.net.ConnectException: Connection refused: connect
2017-02-01 23:27:53 INFO  InitController:30 - get /init request
2017-02-01 23:27:53 INFO  InitController:31 - http://localhost:9101/init
2017-02-01 23:52:17 DEBUG logging:19 - Logging Provider: org.jboss.logging.Log4jLoggerProvider
2017-02-01 23:52:17 INFO  Version:30 - HV000001: Hibernate Validator 5.2.4.Final
2017-02-01 23:52:17 DEBUG DefaultTraversableResolver:70 - Cannot find javax.persistence.Persistence on classpath. Assuming non JPA 2 environment. All properties will per default be traversable.
2017-02-01 23:52:18 DEBUG DefaultTraversableResolver:70 - Cannot find javax.persistence.Persistence on classpath. Assuming non JPA 2 environment. All properties will per default be traversable.
2017-02-01 23:52:18 DEBUG ConfigurationImpl:156 - Setting custom MessageInterpolator of type org.springframework.validation.beanvalidation.LocaleContextMessageInterpolator
2017-02-01 23:52:18 DEBUG ConfigurationImpl:178 - Setting custom ConstraintValidatorFactory of type org.springframework.validation.beanvalidation.SpringConstraintValidatorFactory
2017-02-01 23:52:18 DEBUG ConfigurationImpl:192 - Setting custom ParameterNameProvider of type com.sun.proxy.$Proxy44
2017-02-01 23:52:18 DEBUG ValidationXmlParser:91 - Trying to load META-INF/validation.xml for XML based Validator configuration.
2017-02-01 23:52:18 DEBUG ResourceLoaderHelper:47 - Trying to load META-INF/validation.xml via user class loader
2017-02-01 23:52:18 DEBUG ResourceLoaderHelper:54 - Trying to load META-INF/validation.xml via TCCL
2017-02-01 23:52:18 DEBUG ResourceLoaderHelper:60 - Trying to load META-INF/validation.xml via Hibernate Validator's class loader
2017-02-01 23:52:18 DEBUG ValidationXmlParser:98 - No META-INF/validation.xml found. Using annotation based configuration only.
2017-02-01 23:52:18 DEBUG DefaultTraversableResolver:70 - Cannot find javax.persistence.Persistence on classpath. Assuming non JPA 2 environment. All properties will per default be traversable.
2017-02-01 23:52:18 DEBUG ConfigurationImpl:156 - Setting custom MessageInterpolator of type org.springframework.validation.beanvalidation.LocaleContextMessageInterpolator
2017-02-01 23:52:18 DEBUG ConfigurationImpl:178 - Setting custom ConstraintValidatorFactory of type org.springframework.validation.beanvalidation.SpringConstraintValidatorFactory
2017-02-01 23:52:18 DEBUG ConfigurationImpl:192 - Setting custom ParameterNameProvider of type com.sun.proxy.$Proxy44
2017-02-01 23:52:18 DEBUG ValidationXmlParser:91 - Trying to load META-INF/validation.xml for XML based Validator configuration.
2017-02-01 23:52:18 DEBUG ResourceLoaderHelper:47 - Trying to load META-INF/validation.xml via user class loader
2017-02-01 23:52:18 DEBUG ResourceLoaderHelper:54 - Trying to load META-INF/validation.xml via TCCL
2017-02-01 23:52:18 DEBUG ResourceLoaderHelper:60 - Trying to load META-INF/validation.xml via Hibernate Validator's class loader
2017-02-01 23:52:18 DEBUG ValidationXmlParser:98 - No META-INF/validation.xml found. Using annotation based configuration only.
2017-02-02 00:01:32 DEBUG logging:19 - Logging Provider: org.jboss.logging.Log4jLoggerProvider
2017-02-02 00:01:32 INFO  Version:30 - HV000001: Hibernate Validator 5.2.4.Final
2017-02-02 00:01:32 DEBUG DefaultTraversableResolver:70 - Cannot find javax.persistence.Persistence on classpath. Assuming non JPA 2 environment. All properties will per default be traversable.
2017-02-02 00:01:38 DEBUG DefaultTraversableResolver:70 - Cannot find javax.persistence.Persistence on classpath. Assuming non JPA 2 environment. All properties will per default be traversable.
2017-02-02 00:01:38 DEBUG ConfigurationImpl:156 - Setting custom MessageInterpolator of type org.springframework.validation.beanvalidation.LocaleContextMessageInterpolator
2017-02-02 00:01:38 DEBUG ConfigurationImpl:178 - Setting custom ConstraintValidatorFactory of type org.springframework.validation.beanvalidation.SpringConstraintValidatorFactory
2017-02-02 00:01:38 DEBUG ConfigurationImpl:192 - Setting custom ParameterNameProvider of type com.sun.proxy.$Proxy44
2017-02-02 00:01:38 DEBUG ValidationXmlParser:91 - Trying to load META-INF/validation.xml for XML based Validator configuration.
2017-02-02 00:01:38 DEBUG ResourceLoaderHelper:47 - Trying to load META-INF/validation.xml via user class loader
2017-02-02 00:01:38 DEBUG ResourceLoaderHelper:54 - Trying to load META-INF/validation.xml via TCCL
2017-02-02 00:01:38 DEBUG ResourceLoaderHelper:60 - Trying to load META-INF/validation.xml via Hibernate Validator's class loader
2017-02-02 00:01:38 DEBUG ValidationXmlParser:98 - No META-INF/validation.xml found. Using annotation based configuration only.
2017-02-02 00:01:40 DEBUG DefaultTraversableResolver:70 - Cannot find javax.persistence.Persistence on classpath. Assuming non JPA 2 environment. All properties will per default be traversable.
2017-02-02 00:01:40 DEBUG ConfigurationImpl:156 - Setting custom MessageInterpolator of type org.springframework.validation.beanvalidation.LocaleContextMessageInterpolator
2017-02-02 00:01:40 DEBUG ConfigurationImpl:178 - Setting custom ConstraintValidatorFactory of type org.springframework.validation.beanvalidation.SpringConstraintValidatorFactory
2017-02-02 00:01:40 DEBUG ConfigurationImpl:192 - Setting custom ParameterNameProvider of type com.sun.proxy.$Proxy44
2017-02-02 00:01:40 DEBUG ValidationXmlParser:91 - Trying to load META-INF/validation.xml for XML based Validator configuration.
2017-02-02 00:01:40 DEBUG ResourceLoaderHelper:47 - Trying to load META-INF/validation.xml via user class loader
2017-02-02 00:01:40 DEBUG ResourceLoaderHelper:54 - Trying to load META-INF/validation.xml via TCCL
2017-02-02 00:01:40 DEBUG ResourceLoaderHelper:60 - Trying to load META-INF/validation.xml via Hibernate Validator's class loader
2017-02-02 00:01:40 DEBUG ValidationXmlParser:98 - No META-INF/validation.xml found. Using annotation based configuration only.
2017-02-02 09:35:02 DEBUG logging:19 - Logging Provider: org.jboss.logging.Log4jLoggerProvider
2017-02-02 09:35:02 INFO  Version:30 - HV000001: Hibernate Validator 5.2.4.Final
2017-02-02 09:35:02 DEBUG DefaultTraversableResolver:70 - Cannot find javax.persistence.Persistence on classpath. Assuming non JPA 2 environment. All properties will per default be traversable.
2017-02-02 09:35:08 DEBUG DefaultTraversableResolver:70 - Cannot find javax.persistence.Persistence on classpath. Assuming non JPA 2 environment. All properties will per default be traversable.
2017-02-02 09:35:08 DEBUG ConfigurationImpl:156 - Setting custom MessageInterpolator of type org.springframework.validation.beanvalidation.LocaleContextMessageInterpolator
2017-02-02 09:35:08 DEBUG ConfigurationImpl:178 - Setting custom ConstraintValidatorFactory of type org.springframework.validation.beanvalidation.SpringConstraintValidatorFactory
2017-02-02 09:35:08 DEBUG ConfigurationImpl:192 - Setting custom ParameterNameProvider of type com.sun.proxy.$Proxy44
2017-02-02 09:35:08 DEBUG ValidationXmlParser:91 - Trying to load META-INF/validation.xml for XML based Validator configuration.
2017-02-02 09:35:08 DEBUG ResourceLoaderHelper:47 - Trying to load META-INF/validation.xml via user class loader
2017-02-02 09:35:08 DEBUG ResourceLoaderHelper:54 - Trying to load META-INF/validation.xml via TCCL
2017-02-02 09:35:08 DEBUG ResourceLoaderHelper:60 - Trying to load META-INF/validation.xml via Hibernate Validator's class loader
2017-02-02 09:35:08 DEBUG ValidationXmlParser:98 - No META-INF/validation.xml found. Using annotation based configuration only.
2017-02-02 09:35:10 DEBUG DefaultTraversableResolver:70 - Cannot find javax.persistence.Persistence on classpath. Assuming non JPA 2 environment. All properties will per default be traversable.
2017-02-02 09:35:10 DEBUG ConfigurationImpl:156 - Setting custom MessageInterpolator of type org.springframework.validation.beanvalidation.LocaleContextMessageInterpolator
2017-02-02 09:35:10 DEBUG ConfigurationImpl:178 - Setting custom ConstraintValidatorFactory of type org.springframework.validation.beanvalidation.SpringConstraintValidatorFactory
2017-02-02 09:35:10 DEBUG ConfigurationImpl:192 - Setting custom ParameterNameProvider of type com.sun.proxy.$Proxy44
2017-02-02 09:35:10 DEBUG ValidationXmlParser:91 - Trying to load META-INF/validation.xml for XML based Validator configuration.
2017-02-02 09:35:10 DEBUG ResourceLoaderHelper:47 - Trying to load META-INF/validation.xml via user class loader
2017-02-02 09:35:10 DEBUG ResourceLoaderHelper:54 - Trying to load META-INF/validation.xml via TCCL
2017-02-02 09:35:10 DEBUG ResourceLoaderHelper:60 - Trying to load META-INF/validation.xml via Hibernate Validator's class loader
2017-02-02 09:35:10 DEBUG ValidationXmlParser:98 - No META-INF/validation.xml found. Using annotation based configuration only.
2017-02-02 11:07:06 DEBUG logging:19 - Logging Provider: org.jboss.logging.Log4jLoggerProvider
2017-02-02 11:07:06 INFO  Version:30 - HV000001: Hibernate Validator 5.2.4.Final
2017-02-02 11:07:06 DEBUG DefaultTraversableResolver:70 - Cannot find javax.persistence.Persistence on classpath. Assuming non JPA 2 environment. All properties will per default be traversable.
2017-02-02 11:07:12 DEBUG DefaultTraversableResolver:70 - Cannot find javax.persistence.Persistence on classpath. Assuming non JPA 2 environment. All properties will per default be traversable.
2017-02-02 11:07:12 DEBUG ConfigurationImpl:156 - Setting custom MessageInterpolator of type org.springframework.validation.beanvalidation.LocaleContextMessageInterpolator
2017-02-02 11:07:12 DEBUG ConfigurationImpl:178 - Setting custom ConstraintValidatorFactory of type org.springframework.validation.beanvalidation.SpringConstraintValidatorFactory
2017-02-02 11:07:12 DEBUG ConfigurationImpl:192 - Setting custom ParameterNameProvider of type com.sun.proxy.$Proxy44
2017-02-02 11:07:12 DEBUG ValidationXmlParser:91 - Trying to load META-INF/validation.xml for XML based Validator configuration.
2017-02-02 11:07:12 DEBUG ResourceLoaderHelper:47 - Trying to load META-INF/validation.xml via user class loader
2017-02-02 11:07:12 DEBUG ResourceLoaderHelper:54 - Trying to load META-INF/validation.xml via TCCL
2017-02-02 11:07:12 DEBUG ResourceLoaderHelper:60 - Trying to load META-INF/validation.xml via Hibernate Validator's class loader
2017-02-02 11:07:12 DEBUG ValidationXmlParser:98 - No META-INF/validation.xml found. Using annotation based configuration only.
2017-02-02 11:07:14 DEBUG DefaultTraversableResolver:70 - Cannot find javax.persistence.Persistence on classpath. Assuming non JPA 2 environment. All properties will per default be traversable.
2017-02-02 11:07:14 DEBUG ConfigurationImpl:156 - Setting custom MessageInterpolator of type org.springframework.validation.beanvalidation.LocaleContextMessageInterpolator
2017-02-02 11:07:14 DEBUG ConfigurationImpl:178 - Setting custom ConstraintValidatorFactory of type org.springframework.validation.beanvalidation.SpringConstraintValidatorFactory
2017-02-02 11:07:14 DEBUG ConfigurationImpl:192 - Setting custom ParameterNameProvider of type com.sun.proxy.$Proxy44
2017-02-02 11:07:14 DEBUG ValidationXmlParser:91 - Trying to load META-INF/validation.xml for XML based Validator configuration.
2017-02-02 11:07:14 DEBUG ResourceLoaderHelper:47 - Trying to load META-INF/validation.xml via user class loader
2017-02-02 11:07:14 DEBUG ResourceLoaderHelper:54 - Trying to load META-INF/validation.xml via TCCL
2017-02-02 11:07:14 DEBUG ResourceLoaderHelper:60 - Trying to load META-INF/validation.xml via Hibernate Validator's class loader
2017-02-02 11:07:14 DEBUG ValidationXmlParser:98 - No META-INF/validation.xml found. Using annotation based configuration only.
2017-02-02 11:07:59 INFO  InitController:30 - get /init request
2017-02-02 11:07:59 INFO  InitController:31 - http://localhost:9101/init
2017-02-02 11:07:59 ERROR InitController:38 - org.springframework.web.client.ResourceAccessException: I/O error on GET request for "http://localhost:9101/init": Connection refused; nested exception is java.net.ConnectException: Connection refused
2017-02-02 11:08:51 DEBUG logging:19 - Logging Provider: org.jboss.logging.Log4jLoggerProvider
2017-02-02 11:08:51 INFO  Version:30 - HV000001: Hibernate Validator 5.2.4.Final
2017-02-02 11:08:51 DEBUG DefaultTraversableResolver:70 - Cannot find javax.persistence.Persistence on classpath. Assuming non JPA 2 environment. All properties will per default be traversable.
2017-02-02 11:08:57 DEBUG DefaultTraversableResolver:70 - Cannot find javax.persistence.Persistence on classpath. Assuming non JPA 2 environment. All properties will per default be traversable.
2017-02-02 11:08:57 DEBUG ConfigurationImpl:156 - Setting custom MessageInterpolator of type org.springframework.validation.beanvalidation.LocaleContextMessageInterpolator
2017-02-02 11:08:57 DEBUG ConfigurationImpl:178 - Setting custom ConstraintValidatorFactory of type org.springframework.validation.beanvalidation.SpringConstraintValidatorFactory
2017-02-02 11:08:57 DEBUG ConfigurationImpl:192 - Setting custom ParameterNameProvider of type com.sun.proxy.$Proxy44
2017-02-02 11:08:57 DEBUG ValidationXmlParser:91 - Trying to load META-INF/validation.xml for XML based Validator configuration.
2017-02-02 11:08:57 DEBUG ResourceLoaderHelper:47 - Trying to load META-INF/validation.xml via user class loader
2017-02-02 11:08:57 DEBUG ResourceLoaderHelper:54 - Trying to load META-INF/validation.xml via TCCL
2017-02-02 11:08:57 DEBUG ResourceLoaderHelper:60 - Trying to load META-INF/validation.xml via Hibernate Validator's class loader
2017-02-02 11:08:57 DEBUG ValidationXmlParser:98 - No META-INF/validation.xml found. Using annotation based configuration only.
2017-02-02 11:08:59 DEBUG DefaultTraversableResolver:70 - Cannot find javax.persistence.Persistence on classpath. Assuming non JPA 2 environment. All properties will per default be traversable.
2017-02-02 11:08:59 DEBUG ConfigurationImpl:156 - Setting custom MessageInterpolator of type org.springframework.validation.beanvalidation.LocaleContextMessageInterpolator
2017-02-02 11:08:59 DEBUG ConfigurationImpl:178 - Setting custom ConstraintValidatorFactory of type org.springframework.validation.beanvalidation.SpringConstraintValidatorFactory
2017-02-02 11:08:59 DEBUG ConfigurationImpl:192 - Setting custom ParameterNameProvider of type com.sun.proxy.$Proxy44
2017-02-02 11:08:59 DEBUG ValidationXmlParser:91 - Trying to load META-INF/validation.xml for XML based Validator configuration.
2017-02-02 11:08:59 DEBUG ResourceLoaderHelper:47 - Trying to load META-INF/validation.xml via user class loader
2017-02-02 11:08:59 DEBUG ResourceLoaderHelper:54 - Trying to load META-INF/validation.xml via TCCL
2017-02-02 11:08:59 DEBUG ResourceLoaderHelper:60 - Trying to load META-INF/validation.xml via Hibernate Validator's class loader
2017-02-02 11:08:59 DEBUG ValidationXmlParser:98 - No META-INF/validation.xml found. Using annotation based configuration only.
2017-02-02 11:09:09 INFO  InitController:30 - get /init request
2017-02-02 11:09:09 INFO  InitController:31 - http://localhost:9100/mock
2017-02-02 11:10:47 INFO  InitController:30 - get /init request
2017-02-02 11:10:47 INFO  InitController:31 - http://localhost:9100/mock
2017-02-02 11:11:35 INFO  InitController:30 - get /init request
2017-02-02 11:11:35 INFO  InitController:31 - http://localhost:9100/mock
2017-02-02 11:19:17 DEBUG logging:19 - Logging Provider: org.jboss.logging.Log4jLoggerProvider
2017-02-02 11:19:17 INFO  Version:30 - HV000001: Hibernate Validator 5.2.4.Final
2017-02-02 11:19:17 DEBUG DefaultTraversableResolver:70 - Cannot find javax.persistence.Persistence on classpath. Assuming non JPA 2 environment. All properties will per default be traversable.
2017-02-02 11:19:23 DEBUG DefaultTraversableResolver:70 - Cannot find javax.persistence.Persistence on classpath. Assuming non JPA 2 environment. All properties will per default be traversable.
2017-02-02 11:19:23 DEBUG ConfigurationImpl:156 - Setting custom MessageInterpolator of type org.springframework.validation.beanvalidation.LocaleContextMessageInterpolator
2017-02-02 11:19:23 DEBUG ConfigurationImpl:178 - Setting custom ConstraintValidatorFactory of type org.springframework.validation.beanvalidation.SpringConstraintValidatorFactory
2017-02-02 11:19:23 DEBUG ConfigurationImpl:192 - Setting custom ParameterNameProvider of type com.sun.proxy.$Proxy44
2017-02-02 11:19:23 DEBUG ValidationXmlParser:91 - Trying to load META-INF/validation.xml for XML based Validator configuration.
2017-02-02 11:19:23 DEBUG ResourceLoaderHelper:47 - Trying to load META-INF/validation.xml via user class loader
2017-02-02 11:19:23 DEBUG ResourceLoaderHelper:54 - Trying to load META-INF/validation.xml via TCCL
2017-02-02 11:19:24 DEBUG ResourceLoaderHelper:60 - Trying to load META-INF/validation.xml via Hibernate Validator's class loader
2017-02-02 11:19:24 DEBUG ValidationXmlParser:98 - No META-INF/validation.xml found. Using annotation based configuration only.
2017-02-02 11:19:25 DEBUG DefaultTraversableResolver:70 - Cannot find javax.persistence.Persistence on classpath. Assuming non JPA 2 environment. All properties will per default be traversable.
2017-02-02 11:19:25 DEBUG ConfigurationImpl:156 - Setting custom MessageInterpolator of type org.springframework.validation.beanvalidation.LocaleContextMessageInterpolator
2017-02-02 11:19:25 DEBUG ConfigurationImpl:178 - Setting custom ConstraintValidatorFactory of type org.springframework.validation.beanvalidation.SpringConstraintValidatorFactory
2017-02-02 11:19:25 DEBUG ConfigurationImpl:192 - Setting custom ParameterNameProvider of type com.sun.proxy.$Proxy44
2017-02-02 11:19:25 DEBUG ValidationXmlParser:91 - Trying to load META-INF/validation.xml for XML based Validator configuration.
2017-02-02 11:19:25 DEBUG ResourceLoaderHelper:47 - Trying to load META-INF/validation.xml via user class loader
2017-02-02 11:19:25 DEBUG ResourceLoaderHelper:54 - Trying to load META-INF/validation.xml via TCCL
2017-02-02 11:19:25 DEBUG ResourceLoaderHelper:60 - Trying to load META-INF/validation.xml via Hibernate Validator's class loader
2017-02-02 11:19:25 DEBUG ValidationXmlParser:98 - No META-INF/validation.xml found. Using annotation based configuration only.
2017-02-02 11:19:56 INFO  InitController:32 - get /init request
2017-02-02 11:19:56 INFO  InitController:33 - http://localhost:9100/mock
2017-02-02 11:20:01 INFO  InitController:32 - get /init request
2017-02-02 11:20:01 INFO  InitController:33 - http://localhost:9100/mock
2017-02-02 11:20:42 INFO  InitController:32 - get /init request
2017-02-02 11:20:42 INFO  InitController:33 - http://localhost:9100/mock
2017-02-02 11:22:27 INFO  InitController:32 - get /init request
2017-02-02 11:22:27 INFO  InitController:33 - http://localhost:9100/mock
2017-02-02 11:23:28 INFO  InitController:32 - get /init request
2017-02-02 11:23:28 INFO  InitController:33 - http://localhost:9100/mock
2017-02-02 11:27:15 INFO  InitController:32 - get /init request
2017-02-02 11:27:15 INFO  InitController:33 - http://localhost:9100/mock
2017-02-02 11:28:38 DEBUG logging:19 - Logging Provider: org.jboss.logging.Log4jLoggerProvider
2017-02-02 11:28:38 INFO  Version:30 - HV000001: Hibernate Validator 5.2.4.Final
2017-02-02 11:28:38 DEBUG DefaultTraversableResolver:70 - Cannot find javax.persistence.Persistence on classpath. Assuming non JPA 2 environment. All properties will per default be traversable.
2017-02-02 11:28:44 DEBUG DefaultTraversableResolver:70 - Cannot find javax.persistence.Persistence on classpath. Assuming non JPA 2 environment. All properties will per default be traversable.
2017-02-02 11:28:44 DEBUG ConfigurationImpl:156 - Setting custom MessageInterpolator of type org.springframework.validation.beanvalidation.LocaleContextMessageInterpolator
2017-02-02 11:28:44 DEBUG ConfigurationImpl:178 - Setting custom ConstraintValidatorFactory of type org.springframework.validation.beanvalidation.SpringConstraintValidatorFactory
2017-02-02 11:28:44 DEBUG ConfigurationImpl:192 - Setting custom ParameterNameProvider of type com.sun.proxy.$Proxy44
2017-02-02 11:28:44 DEBUG ValidationXmlParser:91 - Trying to load META-INF/validation.xml for XML based Validator configuration.
2017-02-02 11:28:44 DEBUG ResourceLoaderHelper:47 - Trying to load META-INF/validation.xml via user class loader
2017-02-02 11:28:44 DEBUG ResourceLoaderHelper:54 - Trying to load META-INF/validation.xml via TCCL
2017-02-02 11:28:44 DEBUG ResourceLoaderHelper:60 - Trying to load META-INF/validation.xml via Hibernate Validator's class loader
2017-02-02 11:28:44 DEBUG ValidationXmlParser:98 - No META-INF/validation.xml found. Using annotation based configuration only.
2017-02-02 11:28:46 DEBUG DefaultTraversableResolver:70 - Cannot find javax.persistence.Persistence on classpath. Assuming non JPA 2 environment. All properties will per default be traversable.
2017-02-02 11:28:46 DEBUG ConfigurationImpl:156 - Setting custom MessageInterpolator of type org.springframework.validation.beanvalidation.LocaleContextMessageInterpolator
2017-02-02 11:28:46 DEBUG ConfigurationImpl:178 - Setting custom ConstraintValidatorFactory of type org.springframework.validation.beanvalidation.SpringConstraintValidatorFactory
2017-02-02 11:28:46 DEBUG ConfigurationImpl:192 - Setting custom ParameterNameProvider of type com.sun.proxy.$Proxy44
2017-02-02 11:28:46 DEBUG ValidationXmlParser:91 - Trying to load META-INF/validation.xml for XML based Validator configuration.
2017-02-02 11:28:46 DEBUG ResourceLoaderHelper:47 - Trying to load META-INF/validation.xml via user class loader
2017-02-02 11:28:46 DEBUG ResourceLoaderHelper:54 - Trying to load META-INF/validation.xml via TCCL
2017-02-02 11:28:46 DEBUG ResourceLoaderHelper:60 - Trying to load META-INF/validation.xml via Hibernate Validator's class loader
2017-02-02 11:28:46 DEBUG ValidationXmlParser:98 - No META-INF/validation.xml found. Using annotation based configuration only.
2017-02-02 11:31:01 DEBUG logging:19 - Logging Provider: org.jboss.logging.Log4jLoggerProvider
2017-02-02 11:31:01 INFO  Version:30 - HV000001: Hibernate Validator 5.2.4.Final
2017-02-02 11:31:01 DEBUG DefaultTraversableResolver:70 - Cannot find javax.persistence.Persistence on classpath. Assuming non JPA 2 environment. All properties will per default be traversable.
2017-02-02 11:31:07 DEBUG DefaultTraversableResolver:70 - Cannot find javax.persistence.Persistence on classpath. Assuming non JPA 2 environment. All properties will per default be traversable.
2017-02-02 11:31:07 DEBUG ConfigurationImpl:156 - Setting custom MessageInterpolator of type org.springframework.validation.beanvalidation.LocaleContextMessageInterpolator
2017-02-02 11:31:07 DEBUG ConfigurationImpl:178 - Setting custom ConstraintValidatorFactory of type org.springframework.validation.beanvalidation.SpringConstraintValidatorFactory
2017-02-02 11:31:07 DEBUG ConfigurationImpl:192 - Setting custom ParameterNameProvider of type com.sun.proxy.$Proxy44
2017-02-02 11:31:07 DEBUG ValidationXmlParser:91 - Trying to load META-INF/validation.xml for XML based Validator configuration.
2017-02-02 11:31:07 DEBUG ResourceLoaderHelper:47 - Trying to load META-INF/validation.xml via user class loader
2017-02-02 11:31:07 DEBUG ResourceLoaderHelper:54 - Trying to load META-INF/validation.xml via TCCL
2017-02-02 11:31:07 DEBUG ResourceLoaderHelper:60 - Trying to load META-INF/validation.xml via Hibernate Validator's class loader
2017-02-02 11:31:07 DEBUG ValidationXmlParser:98 - No META-INF/validation.xml found. Using annotation based configuration only.
2017-02-02 11:31:08 DEBUG DefaultTraversableResolver:70 - Cannot find javax.persistence.Persistence on classpath. Assuming non JPA 2 environment. All properties will per default be traversable.
2017-02-02 11:31:08 DEBUG ConfigurationImpl:156 - Setting custom MessageInterpolator of type org.springframework.validation.beanvalidation.LocaleContextMessageInterpolator
2017-02-02 11:31:08 DEBUG ConfigurationImpl:178 - Setting custom ConstraintValidatorFactory of type org.springframework.validation.beanvalidation.SpringConstraintValidatorFactory
2017-02-02 11:31:08 DEBUG ConfigurationImpl:192 - Setting custom ParameterNameProvider of type com.sun.proxy.$Proxy44
2017-02-02 11:31:08 DEBUG ValidationXmlParser:91 - Trying to load META-INF/validation.xml for XML based Validator configuration.
2017-02-02 11:31:08 DEBUG ResourceLoaderHelper:47 - Trying to load META-INF/validation.xml via user class loader
2017-02-02 11:31:08 DEBUG ResourceLoaderHelper:54 - Trying to load META-INF/validation.xml via TCCL
2017-02-02 11:31:08 DEBUG ResourceLoaderHelper:60 - Trying to load META-INF/validation.xml via Hibernate Validator's class loader
2017-02-02 11:31:08 DEBUG ValidationXmlParser:98 - No META-INF/validation.xml found. Using annotation based configuration only.
2017-02-02 11:31:44 INFO  InitController:32 - get /init request
2017-02-02 11:31:44 INFO  InitController:33 - http://localhost:9100/mock
2017-02-02 11:32:17 DEBUG logging:19 - Logging Provider: org.jboss.logging.Log4jLoggerProvider
2017-02-02 11:32:17 INFO  Version:30 - HV000001: Hibernate Validator 5.2.4.Final
2017-02-02 11:32:17 DEBUG DefaultTraversableResolver:70 - Cannot find javax.persistence.Persistence on classpath. Assuming non JPA 2 environment. All properties will per default be traversable.
2017-02-02 11:32:23 DEBUG DefaultTraversableResolver:70 - Cannot find javax.persistence.Persistence on classpath. Assuming non JPA 2 environment. All properties will per default be traversable.
2017-02-02 11:32:23 DEBUG ConfigurationImpl:156 - Setting custom MessageInterpolator of type org.springframework.validation.beanvalidation.LocaleContextMessageInterpolator
2017-02-02 11:32:23 DEBUG ConfigurationImpl:178 - Setting custom ConstraintValidatorFactory of type org.springframework.validation.beanvalidation.SpringConstraintValidatorFactory
2017-02-02 11:32:23 DEBUG ConfigurationImpl:192 - Setting custom ParameterNameProvider of type com.sun.proxy.$Proxy44
2017-02-02 11:32:23 DEBUG ValidationXmlParser:91 - Trying to load META-INF/validation.xml for XML based Validator configuration.
2017-02-02 11:32:23 DEBUG ResourceLoaderHelper:47 - Trying to load META-INF/validation.xml via user class loader
2017-02-02 11:32:23 DEBUG ResourceLoaderHelper:54 - Trying to load META-INF/validation.xml via TCCL
2017-02-02 11:32:23 DEBUG ResourceLoaderHelper:60 - Trying to load META-INF/validation.xml via Hibernate Validator's class loader
2017-02-02 11:32:23 DEBUG ValidationXmlParser:98 - No META-INF/validation.xml found. Using annotation based configuration only.
2017-02-02 11:32:24 DEBUG DefaultTraversableResolver:70 - Cannot find javax.persistence.Persistence on classpath. Assuming non JPA 2 environment. All properties will per default be traversable.
2017-02-02 11:32:24 DEBUG ConfigurationImpl:156 - Setting custom MessageInterpolator of type org.springframework.validation.beanvalidation.LocaleContextMessageInterpolator
2017-02-02 11:32:24 DEBUG ConfigurationImpl:178 - Setting custom ConstraintValidatorFactory of type org.springframework.validation.beanvalidation.SpringConstraintValidatorFactory
2017-02-02 11:32:24 DEBUG ConfigurationImpl:192 - Setting custom ParameterNameProvider of type com.sun.proxy.$Proxy44
2017-02-02 11:32:24 DEBUG ValidationXmlParser:91 - Trying to load META-INF/validation.xml for XML based Validator configuration.
2017-02-02 11:32:24 DEBUG ResourceLoaderHelper:47 - Trying to load META-INF/validation.xml via user class loader
2017-02-02 11:32:24 DEBUG ResourceLoaderHelper:54 - Trying to load META-INF/validation.xml via TCCL
2017-02-02 11:32:24 DEBUG ResourceLoaderHelper:60 - Trying to load META-INF/validation.xml via Hibernate Validator's class loader
2017-02-02 11:32:24 DEBUG ValidationXmlParser:98 - No META-INF/validation.xml found. Using annotation based configuration only.
2017-02-02 12:07:44 DEBUG logging:19 - Logging Provider: org.jboss.logging.Log4jLoggerProvider
2017-02-02 12:07:44 INFO  Version:30 - HV000001: Hibernate Validator 5.2.4.Final
2017-02-02 12:07:44 DEBUG DefaultTraversableResolver:70 - Cannot find javax.persistence.Persistence on classpath. Assuming non JPA 2 environment. All properties will per default be traversable.
2017-02-02 12:07:50 DEBUG DefaultTraversableResolver:70 - Cannot find javax.persistence.Persistence on classpath. Assuming non JPA 2 environment. All properties will per default be traversable.
2017-02-02 12:07:50 DEBUG ConfigurationImpl:156 - Setting custom MessageInterpolator of type org.springframework.validation.beanvalidation.LocaleContextMessageInterpolator
2017-02-02 12:07:50 DEBUG ConfigurationImpl:178 - Setting custom ConstraintValidatorFactory of type org.springframework.validation.beanvalidation.SpringConstraintValidatorFactory
2017-02-02 12:07:50 DEBUG ConfigurationImpl:192 - Setting custom ParameterNameProvider of type com.sun.proxy.$Proxy44
2017-02-02 12:07:50 DEBUG ValidationXmlParser:91 - Trying to load META-INF/validation.xml for XML based Validator configuration.
2017-02-02 12:07:50 DEBUG ResourceLoaderHelper:47 - Trying to load META-INF/validation.xml via user class loader
2017-02-02 12:07:50 DEBUG ResourceLoaderHelper:54 - Trying to load META-INF/validation.xml via TCCL
2017-02-02 12:07:50 DEBUG ResourceLoaderHelper:60 - Trying to load META-INF/validation.xml via Hibernate Validator's class loader
2017-02-02 12:07:50 DEBUG ValidationXmlParser:98 - No META-INF/validation.xml found. Using annotation based configuration only.
2017-02-02 12:07:52 DEBUG DefaultTraversableResolver:70 - Cannot find javax.persistence.Persistence on classpath. Assuming non JPA 2 environment. All properties will per default be traversable.
2017-02-02 12:07:52 DEBUG ConfigurationImpl:156 - Setting custom MessageInterpolator of type org.springframework.validation.beanvalidation.LocaleContextMessageInterpolator
2017-02-02 12:07:52 DEBUG ConfigurationImpl:178 - Setting custom ConstraintValidatorFactory of type org.springframework.validation.beanvalidation.SpringConstraintValidatorFactory
2017-02-02 12:07:52 DEBUG ConfigurationImpl:192 - Setting custom ParameterNameProvider of type com.sun.proxy.$Proxy44
2017-02-02 12:07:52 DEBUG ValidationXmlParser:91 - Trying to load META-INF/validation.xml for XML based Validator configuration.
2017-02-02 12:07:52 DEBUG ResourceLoaderHelper:47 - Trying to load META-INF/validation.xml via user class loader
2017-02-02 12:07:52 DEBUG ResourceLoaderHelper:54 - Trying to load META-INF/validation.xml via TCCL
2017-02-02 12:07:52 DEBUG ResourceLoaderHelper:60 - Trying to load META-INF/validation.xml via Hibernate Validator's class loader
2017-02-02 12:07:52 DEBUG ValidationXmlParser:98 - No META-INF/validation.xml found. Using annotation based configuration only.
2017-02-02 12:09:24 DEBUG logging:19 - Logging Provider: org.jboss.logging.Log4jLoggerProvider
2017-02-02 12:09:24 INFO  Version:30 - HV000001: Hibernate Validator 5.2.4.Final
2017-02-02 12:09:24 DEBUG DefaultTraversableResolver:70 - Cannot find javax.persistence.Persistence on classpath. Assuming non JPA 2 environment. All properties will per default be traversable.
2017-02-02 12:09:30 DEBUG DefaultTraversableResolver:70 - Cannot find javax.persistence.Persistence on classpath. Assuming non JPA 2 environment. All properties will per default be traversable.
2017-02-02 12:09:30 DEBUG ConfigurationImpl:156 - Setting custom MessageInterpolator of type org.springframework.validation.beanvalidation.LocaleContextMessageInterpolator
2017-02-02 12:09:30 DEBUG ConfigurationImpl:178 - Setting custom ConstraintValidatorFactory of type org.springframework.validation.beanvalidation.SpringConstraintValidatorFactory
2017-02-02 12:09:30 DEBUG ConfigurationImpl:192 - Setting custom ParameterNameProvider of type com.sun.proxy.$Proxy44
2017-02-02 12:09:30 DEBUG ValidationXmlParser:91 - Trying to load META-INF/validation.xml for XML based Validator configuration.
2017-02-02 12:09:30 DEBUG ResourceLoaderHelper:47 - Trying to load META-INF/validation.xml via user class loader
2017-02-02 12:09:30 DEBUG ResourceLoaderHelper:54 - Trying to load META-INF/validation.xml via TCCL
2017-02-02 12:09:30 DEBUG ResourceLoaderHelper:60 - Trying to load META-INF/validation.xml via Hibernate Validator's class loader
2017-02-02 12:09:30 DEBUG ValidationXmlParser:98 - No META-INF/validation.xml found. Using annotation based configuration only.
2017-02-02 12:09:31 DEBUG DefaultTraversableResolver:70 - Cannot find javax.persistence.Persistence on classpath. Assuming non JPA 2 environment. All properties will per default be traversable.
2017-02-02 12:09:31 DEBUG ConfigurationImpl:156 - Setting custom MessageInterpolator of type org.springframework.validation.beanvalidation.LocaleContextMessageInterpolator
2017-02-02 12:09:31 DEBUG ConfigurationImpl:178 - Setting custom ConstraintValidatorFactory of type org.springframework.validation.beanvalidation.SpringConstraintValidatorFactory
2017-02-02 12:09:31 DEBUG ConfigurationImpl:192 - Setting custom ParameterNameProvider of type com.sun.proxy.$Proxy44
2017-02-02 12:09:31 DEBUG ValidationXmlParser:91 - Trying to load META-INF/validation.xml for XML based Validator configuration.
2017-02-02 12:09:31 DEBUG ResourceLoaderHelper:47 - Trying to load META-INF/validation.xml via user class loader
2017-02-02 12:09:31 DEBUG ResourceLoaderHelper:54 - Trying to load META-INF/validation.xml via TCCL
2017-02-02 12:09:31 DEBUG ResourceLoaderHelper:60 - Trying to load META-INF/validation.xml via Hibernate Validator's class loader
2017-02-02 12:09:31 DEBUG ValidationXmlParser:98 - No META-INF/validation.xml found. Using annotation based configuration only.
2017-02-02 12:09:37 INFO  InitController:32 - get /init request
2017-02-02 12:09:37 INFO  InitController:33 - http://localhost:9100/mock
2017-02-02 12:11:48 INFO  InitController:32 - get /init request
2017-02-02 12:11:48 INFO  InitController:33 - http://localhost:9100/mock
2017-02-02 12:12:55 INFO  InitController:32 - get /init request
2017-02-02 12:12:55 INFO  InitController:33 - http://localhost:9100/mock
2017-02-02 12:14:40 INFO  InitController:32 - get /init request
2017-02-02 12:14:40 INFO  InitController:33 - http://localhost:9100/mock
2017-02-02 12:14:52 INFO  InitController:32 - get /init request
2017-02-02 12:14:52 INFO  InitController:33 - http://localhost:9100/mock
2017-02-02 12:15:36 INFO  InitController:32 - get /init request
2017-02-02 12:15:36 INFO  InitController:33 - http://localhost:9100/mock
2017-02-02 12:16:14 INFO  InitController:32 - get /init request
2017-02-02 12:16:14 INFO  InitController:33 - http://localhost:9100/mock
2017-02-02 12:20:09 INFO  InitController:32 - get /init request
2017-02-02 12:20:09 INFO  InitController:33 - http://localhost:9100/mock
2017-02-02 12:26:15 INFO  InitController:32 - get /init request
2017-02-02 12:26:15 INFO  InitController:33 - http://localhost:9100/mock
2017-02-02 12:26:25 INFO  InitController:32 - get /init request
2017-02-02 12:26:25 INFO  InitController:33 - http://localhost:9100/mock
2017-02-02 12:26:39 INFO  InitController:32 - get /init request
2017-02-02 12:26:39 INFO  InitController:33 - http://localhost:9100/mock
2017-02-02 12:27:27 INFO  InitController:32 - get /init request
2017-02-02 12:27:27 INFO  InitController:33 - http://localhost:9100/mock
2017-02-02 12:28:21 INFO  InitController:32 - get /init request
2017-02-02 12:28:21 INFO  InitController:33 - http://localhost:9100/mock
2017-02-02 12:29:06 INFO  InitController:32 - get /init request
2017-02-02 12:29:06 INFO  InitController:33 - http://localhost:9100/mock
2017-02-02 13:21:45 INFO  InitController:32 - get /init request
2017-02-02 13:21:45 INFO  InitController:33 - http://localhost:9100/mock
2017-02-02 13:29:32 INFO  InitController:32 - get /init request
2017-02-02 13:29:32 INFO  InitController:33 - http://localhost:9100/mock
2017-02-02 13:32:04 INFO  InitController:32 - get /init request
2017-02-02 13:32:04 INFO  InitController:33 - http://localhost:9100/mock
2017-02-02 13:36:36 INFO  InitController:32 - get /init request
2017-02-02 13:36:36 INFO  InitController:33 - http://localhost:9100/mock
2017-02-02 13:36:44 INFO  InitController:32 - get /init request
2017-02-02 13:36:44 INFO  InitController:33 - http://localhost:9100/mock
2017-02-02 13:38:00 INFO  InitController:32 - get /init request
2017-02-02 13:38:00 INFO  InitController:33 - http://localhost:9100/mock
2017-02-02 13:41:01 INFO  InitController:32 - get /init request
2017-02-02 13:41:01 INFO  InitController:33 - http://localhost:9100/mock
2017-02-02 13:45:19 INFO  InitController:32 - get /init request
2017-02-02 13:45:19 INFO  InitController:33 - http://localhost:9100/mock
2017-02-02 13:46:33 INFO  InitController:32 - get /init request
2017-02-02 13:46:33 INFO  InitController:33 - http://localhost:9100/mock
2017-02-02 13:50:41 INFO  InitController:32 - get /init request
2017-02-02 13:50:41 INFO  InitController:33 - http://localhost:9100/mock
2017-02-02 13:56:24 DEBUG logging:19 - Logging Provider: org.jboss.logging.Log4jLoggerProvider
2017-02-02 13:56:24 INFO  Version:30 - HV000001: Hibernate Validator 5.2.4.Final
2017-02-02 13:56:24 DEBUG DefaultTraversableResolver:70 - Cannot find javax.persistence.Persistence on classpath. Assuming non JPA 2 environment. All properties will per default be traversable.
2017-02-02 13:56:30 DEBUG DefaultTraversableResolver:70 - Cannot find javax.persistence.Persistence on classpath. Assuming non JPA 2 environment. All properties will per default be traversable.
2017-02-02 13:56:30 DEBUG ConfigurationImpl:156 - Setting custom MessageInterpolator of type org.springframework.validation.beanvalidation.LocaleContextMessageInterpolator
2017-02-02 13:56:30 DEBUG ConfigurationImpl:178 - Setting custom ConstraintValidatorFactory of type org.springframework.validation.beanvalidation.SpringConstraintValidatorFactory
2017-02-02 13:56:30 DEBUG ConfigurationImpl:192 - Setting custom ParameterNameProvider of type com.sun.proxy.$Proxy44
2017-02-02 13:56:30 DEBUG ValidationXmlParser:91 - Trying to load META-INF/validation.xml for XML based Validator configuration.
2017-02-02 13:56:30 DEBUG ResourceLoaderHelper:47 - Trying to load META-INF/validation.xml via user class loader
2017-02-02 13:56:30 DEBUG ResourceLoaderHelper:54 - Trying to load META-INF/validation.xml via TCCL
2017-02-02 13:56:30 DEBUG ResourceLoaderHelper:60 - Trying to load META-INF/validation.xml via Hibernate Validator's class loader
2017-02-02 13:56:30 DEBUG ValidationXmlParser:98 - No META-INF/validation.xml found. Using annotation based configuration only.
2017-02-02 13:56:32 DEBUG DefaultTraversableResolver:70 - Cannot find javax.persistence.Persistence on classpath. Assuming non JPA 2 environment. All properties will per default be traversable.
2017-02-02 13:56:32 DEBUG ConfigurationImpl:156 - Setting custom MessageInterpolator of type org.springframework.validation.beanvalidation.LocaleContextMessageInterpolator
2017-02-02 13:56:32 DEBUG ConfigurationImpl:178 - Setting custom ConstraintValidatorFactory of type org.springframework.validation.beanvalidation.SpringConstraintValidatorFactory
2017-02-02 13:56:32 DEBUG ConfigurationImpl:192 - Setting custom ParameterNameProvider of type com.sun.proxy.$Proxy44
2017-02-02 13:56:32 DEBUG ValidationXmlParser:91 - Trying to load META-INF/validation.xml for XML based Validator configuration.
2017-02-02 13:56:32 DEBUG ResourceLoaderHelper:47 - Trying to load META-INF/validation.xml via user class loader
2017-02-02 13:56:32 DEBUG ResourceLoaderHelper:54 - Trying to load META-INF/validation.xml via TCCL
2017-02-02 13:56:32 DEBUG ResourceLoaderHelper:60 - Trying to load META-INF/validation.xml via Hibernate Validator's class loader
2017-02-02 13:56:32 DEBUG ValidationXmlParser:98 - No META-INF/validation.xml found. Using annotation based configuration only.
2017-02-02 13:56:40 INFO  InitController:32 - get /init request
2017-02-02 13:56:40 INFO  InitController:33 - http://localhost:9100/mock
2017-02-02 14:07:47 DEBUG logging:19 - Logging Provider: org.jboss.logging.Log4jLoggerProvider
2017-02-02 14:07:47 INFO  Version:30 - HV000001: Hibernate Validator 5.2.4.Final
2017-02-02 14:07:47 DEBUG DefaultTraversableResolver:70 - Cannot find javax.persistence.Persistence on classpath. Assuming non JPA 2 environment. All properties will per default be traversable.
2017-02-02 14:07:54 DEBUG DefaultTraversableResolver:70 - Cannot find javax.persistence.Persistence on classpath. Assuming non JPA 2 environment. All properties will per default be traversable.
2017-02-02 14:07:54 DEBUG ConfigurationImpl:156 - Setting custom MessageInterpolator of type org.springframework.validation.beanvalidation.LocaleContextMessageInterpolator
2017-02-02 14:07:54 DEBUG ConfigurationImpl:178 - Setting custom ConstraintValidatorFactory of type org.springframework.validation.beanvalidation.SpringConstraintValidatorFactory
2017-02-02 14:07:54 DEBUG ConfigurationImpl:192 - Setting custom ParameterNameProvider of type com.sun.proxy.$Proxy44
2017-02-02 14:07:54 DEBUG ValidationXmlParser:91 - Trying to load META-INF/validation.xml for XML based Validator configuration.
2017-02-02 14:07:54 DEBUG ResourceLoaderHelper:47 - Trying to load META-INF/validation.xml via user class loader
2017-02-02 14:07:54 DEBUG ResourceLoaderHelper:54 - Trying to load META-INF/validation.xml via TCCL
2017-02-02 14:07:54 DEBUG ResourceLoaderHelper:60 - Trying to load META-INF/validation.xml via Hibernate Validator's class loader
2017-02-02 14:07:54 DEBUG ValidationXmlParser:98 - No META-INF/validation.xml found. Using annotation based configuration only.
2017-02-02 14:07:55 DEBUG DefaultTraversableResolver:70 - Cannot find javax.persistence.Persistence on classpath. Assuming non JPA 2 environment. All properties will per default be traversable.
2017-02-02 14:07:55 DEBUG ConfigurationImpl:156 - Setting custom MessageInterpolator of type org.springframework.validation.beanvalidation.LocaleContextMessageInterpolator
2017-02-02 14:07:55 DEBUG ConfigurationImpl:178 - Setting custom ConstraintValidatorFactory of type org.springframework.validation.beanvalidation.SpringConstraintValidatorFactory
2017-02-02 14:07:55 DEBUG ConfigurationImpl:192 - Setting custom ParameterNameProvider of type com.sun.proxy.$Proxy44
2017-02-02 14:07:55 DEBUG ValidationXmlParser:91 - Trying to load META-INF/validation.xml for XML based Validator configuration.
2017-02-02 14:07:55 DEBUG ResourceLoaderHelper:47 - Trying to load META-INF/validation.xml via user class loader
2017-02-02 14:07:55 DEBUG ResourceLoaderHelper:54 - Trying to load META-INF/validation.xml via TCCL
2017-02-02 14:07:55 DEBUG ResourceLoaderHelper:60 - Trying to load META-INF/validation.xml via Hibernate Validator's class loader
2017-02-02 14:07:55 DEBUG ValidationXmlParser:98 - No META-INF/validation.xml found. Using annotation based configuration only.
2017-02-02 14:08:16 DEBUG logging:19 - Logging Provider: org.jboss.logging.Log4jLoggerProvider
2017-02-02 14:08:16 INFO  Version:30 - HV000001: Hibernate Validator 5.2.4.Final
2017-02-02 14:08:16 DEBUG DefaultTraversableResolver:70 - Cannot find javax.persistence.Persistence on classpath. Assuming non JPA 2 environment. All properties will per default be traversable.
2017-02-02 14:08:22 DEBUG DefaultTraversableResolver:70 - Cannot find javax.persistence.Persistence on classpath. Assuming non JPA 2 environment. All properties will per default be traversable.
2017-02-02 14:08:22 DEBUG ConfigurationImpl:156 - Setting custom MessageInterpolator of type org.springframework.validation.beanvalidation.LocaleContextMessageInterpolator
2017-02-02 14:08:22 DEBUG ConfigurationImpl:178 - Setting custom ConstraintValidatorFactory of type org.springframework.validation.beanvalidation.SpringConstraintValidatorFactory
2017-02-02 14:08:22 DEBUG ConfigurationImpl:192 - Setting custom ParameterNameProvider of type com.sun.proxy.$Proxy44
2017-02-02 14:08:22 DEBUG ValidationXmlParser:91 - Trying to load META-INF/validation.xml for XML based Validator configuration.
2017-02-02 14:08:22 DEBUG ResourceLoaderHelper:47 - Trying to load META-INF/validation.xml via user class loader
2017-02-02 14:08:22 DEBUG ResourceLoaderHelper:54 - Trying to load META-INF/validation.xml via TCCL
2017-02-02 14:08:22 DEBUG ResourceLoaderHelper:60 - Trying to load META-INF/validation.xml via Hibernate Validator's class loader
2017-02-02 14:08:22 DEBUG ValidationXmlParser:98 - No META-INF/validation.xml found. Using annotation based configuration only.
2017-02-02 14:08:23 DEBUG DefaultTraversableResolver:70 - Cannot find javax.persistence.Persistence on classpath. Assuming non JPA 2 environment. All properties will per default be traversable.
2017-02-02 14:08:23 DEBUG ConfigurationImpl:156 - Setting custom MessageInterpolator of type org.springframework.validation.beanvalidation.LocaleContextMessageInterpolator
2017-02-02 14:08:23 DEBUG ConfigurationImpl:178 - Setting custom ConstraintValidatorFactory of type org.springframework.validation.beanvalidation.SpringConstraintValidatorFactory
2017-02-02 14:08:23 DEBUG ConfigurationImpl:192 - Setting custom ParameterNameProvider of type com.sun.proxy.$Proxy44
2017-02-02 14:08:23 DEBUG ValidationXmlParser:91 - Trying to load META-INF/validation.xml for XML based Validator configuration.
2017-02-02 14:08:23 DEBUG ResourceLoaderHelper:47 - Trying to load META-INF/validation.xml via user class loader
2017-02-02 14:08:23 DEBUG ResourceLoaderHelper:54 - Trying to load META-INF/validation.xml via TCCL
2017-02-02 14:08:23 DEBUG ResourceLoaderHelper:60 - Trying to load META-INF/validation.xml via Hibernate Validator's class loader
2017-02-02 14:08:23 DEBUG ValidationXmlParser:98 - No META-INF/validation.xml found. Using annotation based configuration only.
2017-02-02 14:08:34 INFO  InitController:32 - get /init request
2017-02-02 14:08:34 INFO  InitController:33 - http://localhost:9100/mock
2017-02-02 14:08:40 INFO  InitController:32 - get /init request
2017-02-02 14:08:40 INFO  InitController:33 - http://localhost:9100/mock
2017-02-02 14:12:15 INFO  InitController:32 - get /init request
2017-02-02 14:12:15 INFO  InitController:33 - http://localhost:9100/mock
2017-02-02 14:13:34 DEBUG logging:19 - Logging Provider: org.jboss.logging.Log4jLoggerProvider
2017-02-02 14:13:34 INFO  Version:30 - HV000001: Hibernate Validator 5.2.4.Final
2017-02-02 14:13:34 DEBUG DefaultTraversableResolver:70 - Cannot find javax.persistence.Persistence on classpath. Assuming non JPA 2 environment. All properties will per default be traversable.
2017-02-02 14:13:40 DEBUG DefaultTraversableResolver:70 - Cannot find javax.persistence.Persistence on classpath. Assuming non JPA 2 environment. All properties will per default be traversable.
2017-02-02 14:13:40 DEBUG ConfigurationImpl:156 - Setting custom MessageInterpolator of type org.springframework.validation.beanvalidation.LocaleContextMessageInterpolator
2017-02-02 14:13:40 DEBUG ConfigurationImpl:178 - Setting custom ConstraintValidatorFactory of type org.springframework.validation.beanvalidation.SpringConstraintValidatorFactory
2017-02-02 14:13:40 DEBUG ConfigurationImpl:192 - Setting custom ParameterNameProvider of type com.sun.proxy.$Proxy44
2017-02-02 14:13:40 DEBUG ValidationXmlParser:91 - Trying to load META-INF/validation.xml for XML based Validator configuration.
2017-02-02 14:13:40 DEBUG ResourceLoaderHelper:47 - Trying to load META-INF/validation.xml via user class loader
2017-02-02 14:13:40 DEBUG ResourceLoaderHelper:54 - Trying to load META-INF/validation.xml via TCCL
2017-02-02 14:13:40 DEBUG ResourceLoaderHelper:60 - Trying to load META-INF/validation.xml via Hibernate Validator's class loader
2017-02-02 14:13:40 DEBUG ValidationXmlParser:98 - No META-INF/validation.xml found. Using annotation based configuration only.
2017-02-02 14:13:42 DEBUG DefaultTraversableResolver:70 - Cannot find javax.persistence.Persistence on classpath. Assuming non JPA 2 environment. All properties will per default be traversable.
2017-02-02 14:13:42 DEBUG ConfigurationImpl:156 - Setting custom MessageInterpolator of type org.springframework.validation.beanvalidation.LocaleContextMessageInterpolator
2017-02-02 14:13:42 DEBUG ConfigurationImpl:178 - Setting custom ConstraintValidatorFactory of type org.springframework.validation.beanvalidation.SpringConstraintValidatorFactory
2017-02-02 14:13:42 DEBUG ConfigurationImpl:192 - Setting custom ParameterNameProvider of type com.sun.proxy.$Proxy44
2017-02-02 14:13:42 DEBUG ValidationXmlParser:91 - Trying to load META-INF/validation.xml for XML based Validator configuration.
2017-02-02 14:13:42 DEBUG ResourceLoaderHelper:47 - Trying to load META-INF/validation.xml via user class loader
2017-02-02 14:13:42 DEBUG ResourceLoaderHelper:54 - Trying to load META-INF/validation.xml via TCCL
2017-02-02 14:13:42 DEBUG ResourceLoaderHelper:60 - Trying to load META-INF/validation.xml via Hibernate Validator's class loader
2017-02-02 14:13:42 DEBUG ValidationXmlParser:98 - No META-INF/validation.xml found. Using annotation based configuration only.
2017-02-02 14:13:54 INFO  InitController:32 - get /init request
2017-02-02 14:13:54 INFO  InitController:33 - http://localhost:9100/mock
2017-02-02 14:14:00 INFO  InitController:32 - get /init request
2017-02-02 14:14:00 INFO  InitController:33 - http://localhost:9100/mock
2017-02-02 14:18:12 INFO  InitController:32 - get /init request
2017-02-02 14:18:12 INFO  InitController:33 - http://localhost:9100/mock
2017-02-02 14:20:51 INFO  InitController:32 - get /init request
2017-02-02 14:20:51 INFO  InitController:33 - http://localhost:9100/mock
2017-02-02 14:21:19 INFO  InitController:32 - get /init request
2017-02-02 14:21:19 INFO  InitController:33 - http://localhost:9100/mock
2017-02-02 14:29:21 INFO  InitController:32 - get /init request
2017-02-02 14:29:21 INFO  InitController:33 - http://localhost:9100/mock
2017-02-02 14:30:57 INFO  InitController:32 - get /init request
2017-02-02 14:30:57 INFO  InitController:33 - http://localhost:9100/mock
2017-02-02 14:31:53 INFO  InitController:32 - get /init request
2017-02-02 14:31:53 INFO  InitController:33 - http://localhost:9100/mock
2017-02-02 14:42:50 INFO  InitController:32 - get /init request
2017-02-02 14:42:50 INFO  InitController:33 - http://localhost:9100/mock
2017-02-02 14:43:24 INFO  InitController:32 - get /init request
2017-02-02 14:43:24 INFO  InitController:33 - http://localhost:9100/mock
2017-02-02 14:45:41 INFO  InitController:32 - get /init request
2017-02-02 14:45:41 INFO  InitController:33 - http://localhost:9100/mock
2017-02-02 14:48:16 INFO  InitController:32 - get /init request
2017-02-02 14:48:16 INFO  InitController:33 - http://localhost:9100/mock
2017-02-02 14:48:26 INFO  InitController:32 - get /init request
2017-02-02 14:48:26 INFO  InitController:33 - http://localhost:9100/mock
2017-02-02 14:48:42 INFO  InitController:32 - get /init request
2017-02-02 14:48:42 INFO  InitController:33 - http://localhost:9100/mock
2017-02-02 14:48:48 INFO  InitController:32 - get /init request
2017-02-02 14:48:48 INFO  InitController:33 - http://localhost:9100/mock
2017-02-02 14:48:50 INFO  InitController:32 - get /init request
2017-02-02 14:48:50 INFO  InitController:33 - http://localhost:9100/mock
2017-02-02 14:49:23 INFO  InitController:32 - get /init request
2017-02-02 14:49:23 INFO  InitController:33 - http://localhost:9100/mock
2017-02-02 14:49:51 DEBUG logging:19 - Logging Provider: org.jboss.logging.Log4jLoggerProvider
2017-02-02 14:49:51 INFO  Version:30 - HV000001: Hibernate Validator 5.2.4.Final
2017-02-02 14:49:51 DEBUG DefaultTraversableResolver:70 - Cannot find javax.persistence.Persistence on classpath. Assuming non JPA 2 environment. All properties will per default be traversable.
2017-02-02 14:49:57 DEBUG DefaultTraversableResolver:70 - Cannot find javax.persistence.Persistence on classpath. Assuming non JPA 2 environment. All properties will per default be traversable.
2017-02-02 14:49:57 DEBUG ConfigurationImpl:156 - Setting custom MessageInterpolator of type org.springframework.validation.beanvalidation.LocaleContextMessageInterpolator
2017-02-02 14:49:57 DEBUG ConfigurationImpl:178 - Setting custom ConstraintValidatorFactory of type org.springframework.validation.beanvalidation.SpringConstraintValidatorFactory
2017-02-02 14:49:57 DEBUG ConfigurationImpl:192 - Setting custom ParameterNameProvider of type com.sun.proxy.$Proxy44
2017-02-02 14:49:57 DEBUG ValidationXmlParser:91 - Trying to load META-INF/validation.xml for XML based Validator configuration.
2017-02-02 14:49:57 DEBUG ResourceLoaderHelper:47 - Trying to load META-INF/validation.xml via user class loader
2017-02-02 14:49:57 DEBUG ResourceLoaderHelper:54 - Trying to load META-INF/validation.xml via TCCL
2017-02-02 14:49:57 DEBUG ResourceLoaderHelper:60 - Trying to load META-INF/validation.xml via Hibernate Validator's class loader
2017-02-02 14:49:57 DEBUG ValidationXmlParser:98 - No META-INF/validation.xml found. Using annotation based configuration only.
2017-02-02 14:49:59 DEBUG DefaultTraversableResolver:70 - Cannot find javax.persistence.Persistence on classpath. Assuming non JPA 2 environment. All properties will per default be traversable.
2017-02-02 14:49:59 DEBUG ConfigurationImpl:156 - Setting custom MessageInterpolator of type org.springframework.validation.beanvalidation.LocaleContextMessageInterpolator
2017-02-02 14:49:59 DEBUG ConfigurationImpl:178 - Setting custom ConstraintValidatorFactory of type org.springframework.validation.beanvalidation.SpringConstraintValidatorFactory
2017-02-02 14:49:59 DEBUG ConfigurationImpl:192 - Setting custom ParameterNameProvider of type com.sun.proxy.$Proxy44
2017-02-02 14:49:59 DEBUG ValidationXmlParser:91 - Trying to load META-INF/validation.xml for XML based Validator configuration.
2017-02-02 14:49:59 DEBUG ResourceLoaderHelper:47 - Trying to load META-INF/validation.xml via user class loader
2017-02-02 14:49:59 DEBUG ResourceLoaderHelper:54 - Trying to load META-INF/validation.xml via TCCL
2017-02-02 14:49:59 DEBUG ResourceLoaderHelper:60 - Trying to load META-INF/validation.xml via Hibernate Validator's class loader
2017-02-02 14:49:59 DEBUG ValidationXmlParser:98 - No META-INF/validation.xml found. Using annotation based configuration only.
2017-02-02 14:50:03 INFO  InitController:32 - get /init request
2017-02-02 14:50:03 INFO  InitController:33 - http://localhost:9100/mock
2017-02-02 14:50:08 INFO  InitController:32 - get /init request
2017-02-02 14:50:08 INFO  InitController:33 - http://localhost:9100/mock
2017-02-02 14:50:43 INFO  InitController:32 - get /init request
2017-02-02 14:50:43 INFO  InitController:33 - http://localhost:9100/mock
2017-02-02 14:51:50 DEBUG logging:19 - Logging Provider: org.jboss.logging.Log4jLoggerProvider
2017-02-02 14:51:50 INFO  Version:30 - HV000001: Hibernate Validator 5.2.4.Final
2017-02-02 14:51:50 DEBUG DefaultTraversableResolver:70 - Cannot find javax.persistence.Persistence on classpath. Assuming non JPA 2 environment. All properties will per default be traversable.
2017-02-02 14:51:56 DEBUG DefaultTraversableResolver:70 - Cannot find javax.persistence.Persistence on classpath. Assuming non JPA 2 environment. All properties will per default be traversable.
2017-02-02 14:51:56 DEBUG ConfigurationImpl:156 - Setting custom MessageInterpolator of type org.springframework.validation.beanvalidation.LocaleContextMessageInterpolator
2017-02-02 14:51:56 DEBUG ConfigurationImpl:178 - Setting custom ConstraintValidatorFactory of type org.springframework.validation.beanvalidation.SpringConstraintValidatorFactory
2017-02-02 14:51:56 DEBUG ConfigurationImpl:192 - Setting custom ParameterNameProvider of type com.sun.proxy.$Proxy44
2017-02-02 14:51:56 DEBUG ValidationXmlParser:91 - Trying to load META-INF/validation.xml for XML based Validator configuration.
2017-02-02 14:51:56 DEBUG ResourceLoaderHelper:47 - Trying to load META-INF/validation.xml via user class loader
2017-02-02 14:51:56 DEBUG ResourceLoaderHelper:54 - Trying to load META-INF/validation.xml via TCCL
2017-02-02 14:51:56 DEBUG ResourceLoaderHelper:60 - Trying to load META-INF/validation.xml via Hibernate Validator's class loader
2017-02-02 14:51:56 DEBUG ValidationXmlParser:98 - No META-INF/validation.xml found. Using annotation based configuration only.
2017-02-02 14:51:58 DEBUG DefaultTraversableResolver:70 - Cannot find javax.persistence.Persistence on classpath. Assuming non JPA 2 environment. All properties will per default be traversable.
2017-02-02 14:51:58 DEBUG ConfigurationImpl:156 - Setting custom MessageInterpolator of type org.springframework.validation.beanvalidation.LocaleContextMessageInterpolator
2017-02-02 14:51:58 DEBUG ConfigurationImpl:178 - Setting custom ConstraintValidatorFactory of type org.springframework.validation.beanvalidation.SpringConstraintValidatorFactory
2017-02-02 14:51:58 DEBUG ConfigurationImpl:192 - Setting custom ParameterNameProvider of type com.sun.proxy.$Proxy44
2017-02-02 14:51:58 DEBUG ValidationXmlParser:91 - Trying to load META-INF/validation.xml for XML based Validator configuration.
2017-02-02 14:51:58 DEBUG ResourceLoaderHelper:47 - Trying to load META-INF/validation.xml via user class loader
2017-02-02 14:51:58 DEBUG ResourceLoaderHelper:54 - Trying to load META-INF/validation.xml via TCCL
2017-02-02 14:51:58 DEBUG ResourceLoaderHelper:60 - Trying to load META-INF/validation.xml via Hibernate Validator's class loader
2017-02-02 14:51:58 DEBUG ValidationXmlParser:98 - No META-INF/validation.xml found. Using annotation based configuration only.
2017-02-02 14:52:02 INFO  InitController:32 - get /init request
2017-02-02 14:52:02 INFO  InitController:33 - http://localhost:9100/mock
2017-02-02 14:52:07 INFO  InitController:32 - get /init request
2017-02-02 14:52:07 INFO  InitController:33 - http://localhost:9100/mock
2017-02-02 14:52:54 INFO  InitController:32 - get /init request
2017-02-02 14:52:54 INFO  InitController:33 - http://localhost:9100/mock
2017-02-02 14:54:34 INFO  InitController:32 - get /init request
2017-02-02 14:54:34 INFO  InitController:33 - http://localhost:9100/mock
2017-02-02 14:56:07 DEBUG logging:19 - Logging Provider: org.jboss.logging.Log4jLoggerProvider
2017-02-02 14:56:07 INFO  Version:30 - HV000001: Hibernate Validator 5.2.4.Final
2017-02-02 14:56:07 DEBUG DefaultTraversableResolver:70 - Cannot find javax.persistence.Persistence on classpath. Assuming non JPA 2 environment. All properties will per default be traversable.
2017-02-02 14:56:13 DEBUG DefaultTraversableResolver:70 - Cannot find javax.persistence.Persistence on classpath. Assuming non JPA 2 environment. All properties will per default be traversable.
2017-02-02 14:56:13 DEBUG ConfigurationImpl:156 - Setting custom MessageInterpolator of type org.springframework.validation.beanvalidation.LocaleContextMessageInterpolator
2017-02-02 14:56:13 DEBUG ConfigurationImpl:178 - Setting custom ConstraintValidatorFactory of type org.springframework.validation.beanvalidation.SpringConstraintValidatorFactory
2017-02-02 14:56:13 DEBUG ConfigurationImpl:192 - Setting custom ParameterNameProvider of type com.sun.proxy.$Proxy44
2017-02-02 14:56:13 DEBUG ValidationXmlParser:91 - Trying to load META-INF/validation.xml for XML based Validator configuration.
2017-02-02 14:56:13 DEBUG ResourceLoaderHelper:47 - Trying to load META-INF/validation.xml via user class loader
2017-02-02 14:56:13 DEBUG ResourceLoaderHelper:54 - Trying to load META-INF/validation.xml via TCCL
2017-02-02 14:56:13 DEBUG ResourceLoaderHelper:60 - Trying to load META-INF/validation.xml via Hibernate Validator's class loader
2017-02-02 14:56:13 DEBUG ValidationXmlParser:98 - No META-INF/validation.xml found. Using annotation based configuration only.
2017-02-02 14:56:15 DEBUG DefaultTraversableResolver:70 - Cannot find javax.persistence.Persistence on classpath. Assuming non JPA 2 environment. All properties will per default be traversable.
2017-02-02 14:56:15 DEBUG ConfigurationImpl:156 - Setting custom MessageInterpolator of type org.springframework.validation.beanvalidation.LocaleContextMessageInterpolator
2017-02-02 14:56:15 DEBUG ConfigurationImpl:178 - Setting custom ConstraintValidatorFactory of type org.springframework.validation.beanvalidation.SpringConstraintValidatorFactory
2017-02-02 14:56:15 DEBUG ConfigurationImpl:192 - Setting custom ParameterNameProvider of type com.sun.proxy.$Proxy44
2017-02-02 14:56:15 DEBUG ValidationXmlParser:91 - Trying to load META-INF/validation.xml for XML based Validator configuration.
2017-02-02 14:56:15 DEBUG ResourceLoaderHelper:47 - Trying to load META-INF/validation.xml via user class loader
2017-02-02 14:56:15 DEBUG ResourceLoaderHelper:54 - Trying to load META-INF/validation.xml via TCCL
2017-02-02 14:56:15 DEBUG ResourceLoaderHelper:60 - Trying to load META-INF/validation.xml via Hibernate Validator's class loader
2017-02-02 14:56:15 DEBUG ValidationXmlParser:98 - No META-INF/validation.xml found. Using annotation based configuration only.
2017-02-02 14:56:22 INFO  InitController:32 - get /init request
2017-02-02 14:56:22 INFO  InitController:33 - http://localhost:9100/mock
2017-02-02 14:58:20 DEBUG logging:19 - Logging Provider: org.jboss.logging.Log4jLoggerProvider
2017-02-02 14:58:20 INFO  Version:30 - HV000001: Hibernate Validator 5.2.4.Final
2017-02-02 14:58:20 DEBUG DefaultTraversableResolver:70 - Cannot find javax.persistence.Persistence on classpath. Assuming non JPA 2 environment. All properties will per default be traversable.
2017-02-02 14:58:26 DEBUG DefaultTraversableResolver:70 - Cannot find javax.persistence.Persistence on classpath. Assuming non JPA 2 environment. All properties will per default be traversable.
2017-02-02 14:58:26 DEBUG ConfigurationImpl:156 - Setting custom MessageInterpolator of type org.springframework.validation.beanvalidation.LocaleContextMessageInterpolator
2017-02-02 14:58:26 DEBUG ConfigurationImpl:178 - Setting custom ConstraintValidatorFactory of type org.springframework.validation.beanvalidation.SpringConstraintValidatorFactory
2017-02-02 14:58:26 DEBUG ConfigurationImpl:192 - Setting custom ParameterNameProvider of type com.sun.proxy.$Proxy44
2017-02-02 14:58:26 DEBUG ValidationXmlParser:91 - Trying to load META-INF/validation.xml for XML based Validator configuration.
2017-02-02 14:58:26 DEBUG ResourceLoaderHelper:47 - Trying to load META-INF/validation.xml via user class loader
2017-02-02 14:58:26 DEBUG ResourceLoaderHelper:54 - Trying to load META-INF/validation.xml via TCCL
2017-02-02 14:58:26 DEBUG ResourceLoaderHelper:60 - Trying to load META-INF/validation.xml via Hibernate Validator's class loader
2017-02-02 14:58:26 DEBUG ValidationXmlParser:98 - No META-INF/validation.xml found. Using annotation based configuration only.
2017-02-02 14:58:27 DEBUG DefaultTraversableResolver:70 - Cannot find javax.persistence.Persistence on classpath. Assuming non JPA 2 environment. All properties will per default be traversable.
2017-02-02 14:58:27 DEBUG ConfigurationImpl:156 - Setting custom MessageInterpolator of type org.springframework.validation.beanvalidation.LocaleContextMessageInterpolator
2017-02-02 14:58:27 DEBUG ConfigurationImpl:178 - Setting custom ConstraintValidatorFactory of type org.springframework.validation.beanvalidation.SpringConstraintValidatorFactory
2017-02-02 14:58:27 DEBUG ConfigurationImpl:192 - Setting custom ParameterNameProvider of type com.sun.proxy.$Proxy44
2017-02-02 14:58:27 DEBUG ValidationXmlParser:91 - Trying to load META-INF/validation.xml for XML based Validator configuration.
2017-02-02 14:58:27 DEBUG ResourceLoaderHelper:47 - Trying to load META-INF/validation.xml via user class loader
2017-02-02 14:58:27 DEBUG ResourceLoaderHelper:54 - Trying to load META-INF/validation.xml via TCCL
2017-02-02 14:58:27 DEBUG ResourceLoaderHelper:60 - Trying to load META-INF/validation.xml via Hibernate Validator's class loader
2017-02-02 14:58:27 DEBUG ValidationXmlParser:98 - No META-INF/validation.xml found. Using annotation based configuration only.
2017-02-02 14:58:38 INFO  InitController:32 - get /init request
2017-02-02 14:58:38 INFO  InitController:33 - http://localhost:9100/mock
2017-02-02 14:58:49 INFO  InitController:32 - get /init request
2017-02-02 14:58:49 INFO  InitController:33 - http://localhost:9100/mock
2017-02-02 15:05:18 INFO  InitController:32 - get /init request
2017-02-02 15:05:18 INFO  InitController:33 - http://localhost:9100/mock
